#
# A fatal error has been detected by the Java Runtime Environment:
#
#  EXCEPTION_ACCESS_VIOLATION (0xc0000005) at pc=0x000000005ff78225, pid=31396, tid=3132
#
# JRE version: Java(TM) SE Runtime Environment (8.0_40-b25) (build 1.8.0_40-b25)
# Java VM: Java HotSpot(TM) 64-Bit Server VM (25.40-b25 mixed mode windows-amd64 compressed oops)
# Problematic frame:
# V  [jvm.dll+0x128225]
#
# Failed to write core dump. Minidumps are not enabled by default on client versions of Windows
#
# If you would like to submit a bug report, please visit:
#   http://bugreport.java.com/bugreport/crash.jsp
#

---------------  T H R E A D  ---------------

Current thread (0x000000001d8d0000):  JavaThread "JDWP Transport Listener: dt_socket" daemon [_thread_in_vm, id=3132, stack(0x000000001edc0000,0x000000001eec0000)]

siginfo: ExceptionCode=0xc0000005, reading address 0xffffffffffffffff

Registers:
RAX=0x000000001eebf101, RBX=0x000000001d8d0000, RCX=0x76003b6c69745574, RDX=0x0000000000000000
RSP=0x000000001eebf110, RBP=0x76003b6c69745574, RSI=0x000000001eebf228, RDI=0x000000000351db50
R8 =0x000000001d8d0000, R9 =0x0000000000000001, R10=0x0000000000000003, R11=0x000000001eebf060
R12=0x0000000000000000, R13=0x000000001d8d8508, R14=0x0000000000000000, R15=0x0000000000000000
RIP=0x000000005ff78225, EFLAGS=0x0000000000010206

Top of Stack: (sp=0x000000001eebf110)
0x000000001eebf110:   000000001d8d0000 000000001d8d0000
0x000000001eebf120:   000000001eebf1d8 000000006017c6db
0x000000001eebf130:   000000001d8d0000 0000000060198f3d
0x000000001eebf140:   000000000000008d 00000000619d9155
0x000000001eebf150:   0000000022f29978 00000000619e291e
0x000000001eebf160:   000000001d8d0000 0000000000000000
0x000000001eebf170:   0000000000000000 0000000000000000
0x000000001eebf180:   76003b6c69745574 00000000619e1a15
0x000000001eebf190:   000000001eebf228 000000001eebf200
0x000000001eebf1a0:   0000000000000001 0000000022f29978
0x000000001eebf1b0:   76003b6c69745574 00000000619c53b3
0x000000001eebf1c0:   000000001eebf2f0 0000000000000001
0x000000001eebf1d0:   0000000000000001 0000000022f29978
0x000000001eebf1e0:   0000000000000001 0000000000000000
0x000000001eebf1f0:   0000000000000000 0000000000000000
0x000000001eebf200:   0000000000000001 00000000619c5571 

Instructions: (pc=0x000000005ff78225)
0x000000005ff78205:   cc cc cc cc cc cc cc cc cc cc cc 48 83 ec 28 48
0x000000005ff78215:   85 c9 75 07 33 c0 48 83 c4 28 c3 48 89 5c 24 20
0x000000005ff78225:   48 8b 19 48 85 db 74 20 48 83 fb 37 74 1a 48 8b
0x000000005ff78235:   13 48 8b cb ff 52 10 84 c0 74 0d 48 8b c3 48 8b 


Register to memory mapping:

RAX=0x000000001eebf101 is pointing into the stack for thread: 0x000000001d8d0000
RBX=0x000000001d8d0000 is a thread
RCX=0x76003b6c69745574 is an unknown value
RDX=0x0000000000000000 is an unknown value
RSP=0x000000001eebf110 is pointing into the stack for thread: 0x000000001d8d0000
RBP=0x76003b6c69745574 is an unknown value
RSI=0x000000001eebf228 is pointing into the stack for thread: 0x000000001d8d0000
RDI=0x000000000351db50 is an unknown value
R8 =0x000000001d8d0000 is a thread
R9 =0x0000000000000001 is an unknown value
R10=0x0000000000000003 is an unknown value
R11=0x000000001eebf060 is pointing into the stack for thread: 0x000000001d8d0000
R12=0x0000000000000000 is an unknown value
R13=0x000000001d8d8508 is an unknown value
R14=0x0000000000000000 is an unknown value
R15=0x0000000000000000 is an unknown value


Stack: [0x000000001edc0000,0x000000001eec0000],  sp=0x000000001eebf110,  free space=1020k
Native frames: (J=compiled Java code, j=interpreted, Vv=VM code, C=native code)
V  [jvm.dll+0x128225]
V  [jvm.dll+0x348f3d]
C  [jdwp.dll+0x21a15]
C  [jdwp.dll+0x53b3]
C  [jdwp.dll+0x5571]
C  [jdwp.dll+0xf0a8]
C  [jdwp.dll+0x1f2d5]
C  [jdwp.dll+0x1f4aa]
V  [jvm.dll+0x1bad48]
V  [jvm.dll+0x241914]
V  [jvm.dll+0x29848a]
C  [msvcr100.dll+0x21d9f]
C  [msvcr100.dll+0x21e3b]
C  [KERNEL32.DLL+0x1257d]
C  [ntdll.dll+0x5aa48]


---------------  P R O C E S S  ---------------

Java Threads: ( => current thread )
  0x000000001f7a6800 JavaThread "HikariPool-1 connection adder" daemon [_thread_blocked, id=32416, stack(0x0000000021390000,0x0000000021490000)]
  0x000000001f7a8000 JavaThread "HikariPool-1 housekeeper" daemon [_thread_blocked, id=22656, stack(0x00000000014e0000,0x00000000015e0000)]
  0x000000001f7a6000 JavaThread "lettuce-eventExecutorLoop-1-12" daemon [_thread_blocked, id=37816, stack(0x000000003f890000,0x000000003f990000)]
  0x000000001f7a7800 JavaThread "lettuce-eventExecutorLoop-1-11" daemon [_thread_blocked, id=34804, stack(0x000000003f790000,0x000000003f890000)]
  0x000000001f7a3800 JavaThread "lettuce-eventExecutorLoop-1-10" daemon [_thread_blocked, id=32952, stack(0x000000003f690000,0x000000003f790000)]
  0x000000001f7a5000 JavaThread "lettuce-eventExecutorLoop-1-9" daemon [_thread_blocked, id=24536, stack(0x000000003f590000,0x000000003f690000)]
  0x000000001f7a4800 JavaThread "lettuce-eventExecutorLoop-1-8" daemon [_thread_blocked, id=11032, stack(0x000000003f490000,0x000000003f590000)]
  0x000000002362e000 JavaThread "lettuce-eventExecutorLoop-1-7" daemon [_thread_blocked, id=28424, stack(0x000000003f390000,0x000000003f490000)]
  0x000000002387f800 JavaThread "lettuce-eventExecutorLoop-1-6" daemon [_thread_blocked, id=31476, stack(0x000000003f290000,0x000000003f390000)]
  0x0000000023886000 JavaThread "lettuce-eventExecutorLoop-1-5" daemon [_thread_blocked, id=29096, stack(0x000000003f190000,0x000000003f290000)]
  0x0000000023881000 JavaThread "lettuce-eventExecutorLoop-1-4" daemon [_thread_blocked, id=26204, stack(0x000000003f090000,0x000000003f190000)]
  0x0000000023880000 JavaThread "DestroyJavaVM" [_thread_blocked, id=10184, stack(0x00000000033b0000,0x00000000034b0000)]
  0x0000000023884000 JavaThread "pool-1-thread-1" [_thread_blocked, id=35032, stack(0x000000003c9b0000,0x000000003cab0000)]
  0x0000000023883000 JavaThread "lettuce-eventExecutorLoop-1-3" daemon [_thread_blocked, id=41216, stack(0x000000003ed90000,0x000000003ee90000)]
  0x0000000023882800 JavaThread "lettuce-eventExecutorLoop-1-2" daemon [_thread_blocked, id=20780, stack(0x000000003ec90000,0x000000003ed90000)]
  0x0000000023884800 JavaThread "lettuce-nioEventLoop-7-2" daemon [_thread_in_native, id=37780, stack(0x000000003db80000,0x000000003dc80000)]
  0x000000002362b000 JavaThread "http-nio-8080-Acceptor" daemon [_thread_in_native, id=21000, stack(0x000000003c6b0000,0x000000003c7b0000)]
  0x000000002362a000 JavaThread "http-nio-8080-Poller" daemon [_thread_blocked, id=17740, stack(0x000000003c5b0000,0x000000003c6b0000)]
  0x0000000023629800 JavaThread "http-nio-8080-exec-10" daemon [_thread_blocked, id=27272, stack(0x000000003c4b0000,0x000000003c5b0000)]
  0x000000002362c800 JavaThread "http-nio-8080-exec-9" daemon [_thread_blocked, id=39868, stack(0x000000003c3b0000,0x000000003c4b0000)]
  0x000000002362d000 JavaThread "http-nio-8080-exec-8" daemon [_thread_blocked, id=31292, stack(0x000000003c2b0000,0x000000003c3b0000)]
  0x000000002362b800 JavaThread "http-nio-8080-exec-7" daemon [_thread_blocked, id=29140, stack(0x000000003c1b0000,0x000000003c2b0000)]
  0x0000000023622000 JavaThread "http-nio-8080-exec-6" daemon [_thread_blocked, id=23648, stack(0x000000003c0b0000,0x000000003c1b0000)]
  0x0000000023628000 JavaThread "http-nio-8080-exec-5" daemon [_thread_blocked, id=14244, stack(0x000000003bfb0000,0x000000003c0b0000)]
  0x0000000023626800 JavaThread "http-nio-8080-exec-4" daemon [_thread_blocked, id=28788, stack(0x000000003beb0000,0x000000003bfb0000)]
  0x0000000023627000 JavaThread "http-nio-8080-exec-3" daemon [_thread_blocked, id=28080, stack(0x000000003bdb0000,0x000000003beb0000)]
  0x0000000023625000 JavaThread "http-nio-8080-exec-2" daemon [_thread_blocked, id=24036, stack(0x000000003bcb0000,0x000000003bdb0000)]
  0x0000000023628800 JavaThread "http-nio-8080-exec-1" daemon [_thread_blocked, id=2140, stack(0x000000003bbb0000,0x000000003bcb0000)]
  0x0000000023624000 JavaThread "File Watcher" daemon [_thread_blocked, id=21536, stack(0x000000003bab0000,0x000000003bbb0000)]
  0x000000002361f000 JavaThread "lettuce-eventExecutorLoop-1-1" daemon [_thread_blocked, id=15660, stack(0x000000003b9b0000,0x000000003bab0000)]
  0x0000000023620800 JavaThread "lettuce-nioEventLoop-7-1" daemon [_thread_in_native, id=31944, stack(0x000000003a3a0000,0x000000003a4a0000)]
  0x000000002361f800 JavaThread "Live Reload Server" daemon [_thread_in_native, id=25176, stack(0x000000003a4a0000,0x000000003a5a0000)]
  0x0000000023623800 JavaThread "redisson-netty-4-32" [_thread_in_native, id=21640, stack(0x0000000035e60000,0x0000000035f60000)]
  0x0000000023622800 JavaThread "redisson-netty-4-31" [_thread_in_native, id=28620, stack(0x0000000035d60000,0x0000000035e60000)]
  0x0000000023621000 JavaThread "redisson-netty-4-30" [_thread_in_native, id=40068, stack(0x0000000033c40000,0x0000000033d40000)]
  0x0000000023625800 JavaThread "redisson-netty-4-29" [_thread_in_native, id=5560, stack(0x0000000033b40000,0x0000000033c40000)]
  0x00000000235f1000 JavaThread "redisson-netty-4-28" [_thread_in_native, id=40460, stack(0x0000000033a40000,0x0000000033b40000)]
  0x00000000235f0800 JavaThread "redisson-netty-4-27" [_thread_in_native, id=29092, stack(0x0000000033940000,0x0000000033a40000)]
  0x00000000235ef800 JavaThread "redisson-netty-4-26" [_thread_in_native, id=9036, stack(0x0000000031820000,0x0000000031920000)]
  0x00000000235ef000 JavaThread "redisson-netty-4-25" [_thread_in_native, id=41600, stack(0x0000000031720000,0x0000000031820000)]
  0x00000000235e7800 JavaThread "redisson-netty-4-24" [_thread_in_native, id=27140, stack(0x0000000031620000,0x0000000031720000)]
  0x00000000235ee000 JavaThread "redisson-netty-4-23" [_thread_in_native, id=7740, stack(0x0000000031520000,0x0000000031620000)]
  0x00000000235ed800 JavaThread "redisson-netty-4-22" [_thread_in_native, id=42832, stack(0x000000002f400000,0x000000002f500000)]
  0x00000000235ec800 JavaThread "redisson-netty-4-21" [_thread_in_native, id=29412, stack(0x000000002f300000,0x000000002f400000)]
  0x00000000235e5000 JavaThread "redisson-netty-4-20" [_thread_in_native, id=31008, stack(0x000000002f200000,0x000000002f300000)]
  0x00000000235eb000 JavaThread "redisson-netty-4-19" [_thread_in_native, id=23680, stack(0x000000002f100000,0x000000002f200000)]
  0x00000000235ea800 JavaThread "redisson-netty-4-18" [_thread_in_native, id=3572, stack(0x000000002cfe0000,0x000000002d0e0000)]
  0x00000000235ec000 JavaThread "redisson-netty-4-17" [_thread_in_native, id=13844, stack(0x000000002cee0000,0x000000002cfe0000)]
  0x00000000235e6800 JavaThread "redisson-netty-4-16" [_thread_in_native, id=1996, stack(0x000000002cde0000,0x000000002cee0000)]
  0x00000000235e3000 JavaThread "redisson-netty-4-15" [_thread_in_native, id=39204, stack(0x000000002cce0000,0x000000002cde0000)]
  0x00000000235e6000 JavaThread "redisson-netty-4-14" [_thread_in_native, id=20444, stack(0x000000002abc0000,0x000000002acc0000)]
  0x00000000235e9800 JavaThread "redisson-netty-4-13" [_thread_in_native, id=31624, stack(0x000000002aac0000,0x000000002abc0000)]
  0x00000000235e2000 JavaThread "redisson-netty-4-12" [_thread_in_native, id=15152, stack(0x000000002a9c0000,0x000000002aac0000)]
  0x00000000235e4800 JavaThread "redisson-netty-4-11" [_thread_in_native, id=4940, stack(0x000000002a8c0000,0x000000002a9c0000)]
  0x00000000235e9000 JavaThread "redisson-netty-4-10" [_thread_in_native, id=34660, stack(0x0000000028790000,0x0000000028890000)]
  0x00000000235e8000 JavaThread "redisson-netty-4-9" [_thread_in_native, id=38964, stack(0x0000000028690000,0x0000000028790000)]
  0x00000000235e3800 JavaThread "redisson-netty-4-7" [_thread_in_native, id=41696, stack(0x0000000028590000,0x0000000028690000)]
  0x000000002310f800 JavaThread "redisson-netty-4-8" [_thread_in_native, id=14220, stack(0x0000000028490000,0x0000000028590000)]
  0x0000000023115800 JavaThread "redisson-netty-4-6" [_thread_in_native, id=9880, stack(0x0000000028390000,0x0000000028490000)]
  0x0000000023114800 JavaThread "redisson-timer-6-1" [_thread_blocked, id=13504, stack(0x0000000025260000,0x0000000025360000)]
  0x0000000023111800 JavaThread "redisson-netty-4-5" [_thread_blocked, id=9548, stack(0x0000000025060000,0x0000000025160000)]
  0x0000000023114000 JavaThread "redisson-netty-4-4" [_thread_in_native, id=24848, stack(0x0000000024f60000,0x0000000025060000)]
  0x0000000023111000 JavaThread "redisson-netty-4-3" [_thread_in_native, id=21280, stack(0x0000000024e60000,0x0000000024f60000)]
  0x0000000023110000 JavaThread "redisson-netty-4-2" [_thread_in_native, id=35344, stack(0x0000000024b60000,0x0000000024c60000)]
  0x0000000023116000 JavaThread "redisson-netty-4-1" [_thread_blocked, id=26484, stack(0x0000000024a60000,0x0000000024b60000)]
  0x0000000023112800 JavaThread "mysql-cj-abandoned-connection-cleanup" daemon [_thread_blocked, id=18932, stack(0x0000000024360000,0x0000000024460000)]
  0x0000000023113000 JavaThread "container-0" [_thread_blocked, id=21252, stack(0x0000000024260000,0x0000000024360000)]
  0x000000002314d800 JavaThread "Catalina-utility-2" [_thread_blocked, id=41272, stack(0x0000000024160000,0x0000000024260000)]
  0x0000000022fa0000 JavaThread "Catalina-utility-1" [_thread_blocked, id=24296, stack(0x0000000024060000,0x0000000024160000)]
  0x0000000022e7a000 JavaThread "lettuce-timer-3-1" daemon [_thread_blocked, id=19156, stack(0x0000000023d60000,0x0000000023e60000)]
  0x0000000022e5e800 JavaThread "Thread-10" daemon [_thread_in_native, id=25200, stack(0x0000000021890000,0x0000000021990000)]
  0x000000002047d800 JavaThread "RMI Scheduler(0)" daemon [_thread_blocked, id=13684, stack(0x0000000021c90000,0x0000000021d90000)]
  0x000000001f6ec000 JavaThread "RMI TCP Accept-0" daemon [_thread_in_native, id=33932, stack(0x000000001fdc0000,0x000000001fec0000)]
  0x000000001f50a800 JavaThread "Service Thread" daemon [_thread_blocked, id=27500, stack(0x000000001fcc0000,0x000000001fdc0000)]
  0x000000001f508000 JavaThread "C1 CompilerThread3" daemon [_thread_blocked, id=42952, stack(0x000000001fbc0000,0x000000001fcc0000)]
  0x000000001f507000 JavaThread "C2 CompilerThread2" daemon [_thread_blocked, id=24124, stack(0x000000001fac0000,0x000000001fbc0000)]
  0x000000001f504800 JavaThread "C2 CompilerThread1" daemon [_thread_blocked, id=31204, stack(0x000000001f9c0000,0x000000001fac0000)]
  0x000000001f503800 JavaThread "C2 CompilerThread0" daemon [_thread_blocked, id=34320, stack(0x000000001f8c0000,0x000000001f9c0000)]
  0x000000001d8df000 JavaThread "JDWP Command Reader" daemon [_thread_in_native, id=36696, stack(0x000000001efc0000,0x000000001f0c0000)]
  0x000000001d8dc000 JavaThread "JDWP Event Helper Thread" daemon [_thread_blocked, id=35340, stack(0x000000001eec0000,0x000000001efc0000)]
=>0x000000001d8d0000 JavaThread "JDWP Transport Listener: dt_socket" daemon [_thread_in_vm, id=3132, stack(0x000000001edc0000,0x000000001eec0000)]
  0x000000001d8c2000 JavaThread "Attach Listener" daemon [_thread_blocked, id=5636, stack(0x000000001ecc0000,0x000000001edc0000)]
  0x000000001d8c0800 JavaThread "Signal Dispatcher" daemon [_thread_blocked, id=10380, stack(0x000000001ebc0000,0x000000001ecc0000)]
  0x000000001c173000 JavaThread "Finalizer" daemon [_thread_blocked, id=1964, stack(0x000000001eac0000,0x000000001ebc0000)]
  0x000000001c16c000 JavaThread "Reference Handler" daemon [_thread_blocked, id=29904, stack(0x000000001e9c0000,0x000000001eac0000)]

Other Threads:
  0x000000001c165800 VMThread [stack: 0x000000001e8c0000,0x000000001e9c0000] [id=23016]
  0x000000001f6f1800 WatcherThread [stack: 0x000000001fec0000,0x000000001ffc0000] [id=26460]

VM state:not at safepoint (normal execution)

VM Mutex/Monitor currently owned by a thread: None

Heap:
 PSYoungGen      total 308224K, used 192792K [0x0000000776180000, 0x000000078a980000, 0x00000007c0000000)
  eden space 294912K, 65% used [0x0000000776180000,0x0000000781dc6188,0x0000000788180000)
  from space 13312K, 0% used [0x0000000788180000,0x0000000788180000,0x0000000788e80000)
  to   space 18944K, 0% used [0x0000000789700000,0x0000000789700000,0x000000078a980000)
 ParOldGen       total 221696K, used 36463K [0x00000006e2400000, 0x00000006efc80000, 0x0000000776180000)
  object space 221696K, 16% used [0x00000006e2400000,0x00000006e479bfc8,0x00000006efc80000)
 Metaspace       used 65242K, capacity 69638K, committed 69888K, reserved 1110016K
  class space    used 8389K, capacity 9154K, committed 9216K, reserved 1048576K

Card table byte_map: [0x0000000012c20000,0x0000000013310000] byte_map_base: 0x000000000f50e000

Marking Bits: (ParMarkBitMap*) 0x0000000060654040
 Begin Bits: [0x00000000141b0000, 0x0000000017920000)
 End Bits:   [0x0000000017920000, 0x000000001b090000)

Polling page: 0x0000000001190000

CodeCache: size=245760Kb used=12394Kb max_used=12394Kb free=233365Kb
 bounds [0x0000000003860000, 0x0000000004480000, 0x0000000012860000]
 total_blobs=7222 nmethods=6582 adapters=560
 compilation: enabled

Compilation events (10 events):
Event: 193.619 Thread 0x000000001f508000 6717   !   1       javax.crypto.JceSecurity::getCodeBase (69 bytes)
Event: 193.619 Thread 0x000000001f508000 nmethod 6717 0x000000000447a890 code [0x000000000447aa20, 0x000000000447ae48]
Event: 193.619 Thread 0x000000001f508000 6718   !   1       sun.security.ssl.InputRecord::readFully (137 bytes)
Event: 193.620 Thread 0x000000001f508000 nmethod 6718 0x000000000447b0d0 code [0x000000000447b240, 0x000000000447b408]
Event: 193.620 Thread 0x000000001f508000 6719   !   1       com.mysql.cj.protocol.a.NativeProtocol::readMessage (85 bytes)
Event: 193.621 Thread 0x000000001f508000 nmethod 6719 0x000000000447b4d0 code [0x000000000447b6c0, 0x000000000447bbc8]
Event: 193.621 Thread 0x000000001f508000 6720       1       com.mysql.cj.protocol.a.NativeProtocol::getServerSession (5 bytes)
Event: 193.621 Thread 0x000000001f508000 nmethod 6720 0x000000000447c390 code [0x000000000447c4e0, 0x000000000447c5f0]
Event: 193.621 Thread 0x000000001f508000 6721       1       com.intellij.rt.debugger.agent.CaptureStorage$DeepCapturedStack::getRecursionDepth (5 bytes)
Event: 193.621 Thread 0x000000001f508000 nmethod 6721 0x000000000447c650 code [0x000000000447c7a0, 0x000000000447c8b0]

GC Heap History (10 events):
Event: 4.112 GC heap before
{Heap before GC invocations=8 (full 1):
 PSYoungGen      total 197632K, used 40648K [0x0000000776180000, 0x0000000783000000, 0x00000007c0000000)
  eden space 186368K, 15% used [0x0000000776180000,0x0000000777e351f0,0x0000000781780000)
  from space 11264K, 99% used [0x0000000782500000,0x0000000782ffcfa8,0x0000000783000000)
  to   space 12288K, 0% used [0x0000000781800000,0x0000000781800000,0x0000000782400000)
 ParOldGen       total 86528K, used 9901K [0x00000006e2400000, 0x00000006e7880000, 0x0000000776180000)
  object space 86528K, 11% used [0x00000006e2400000,0x00000006e2dab570,0x00000006e7880000)
 Metaspace       used 33125K, capacity 35392K, committed 35496K, reserved 1079296K
  class space    used 4348K, capacity 4776K, committed 4864K, reserved 1048576K
Event: 4.117 GC heap after
Heap after GC invocations=8 (full 1):
 PSYoungGen      total 199168K, used 8754K [0x0000000776180000, 0x0000000789b80000, 0x00000007c0000000)
  eden space 186880K, 0% used [0x0000000776180000,0x0000000776180000,0x0000000781800000)
  from space 12288K, 71% used [0x0000000781800000,0x000000078208c858,0x0000000782400000)
  to   space 12288K, 0% used [0x0000000788f80000,0x0000000788f80000,0x0000000789b80000)
 ParOldGen       total 86528K, used 9909K [0x00000006e2400000, 0x00000006e7880000, 0x0000000776180000)
  object space 86528K, 11% used [0x00000006e2400000,0x00000006e2dad570,0x00000006e7880000)
 Metaspace       used 33125K, capacity 35392K, committed 35496K, reserved 1079296K
  class space    used 4348K, capacity 4776K, committed 4864K, reserved 1048576K
}
Event: 4.117 GC heap before
{Heap before GC invocations=9 (full 2):
 PSYoungGen      total 199168K, used 8754K [0x0000000776180000, 0x0000000789b80000, 0x00000007c0000000)
  eden space 186880K, 0% used [0x0000000776180000,0x0000000776180000,0x0000000781800000)
  from space 12288K, 71% used [0x0000000781800000,0x000000078208c858,0x0000000782400000)
  to   space 12288K, 0% used [0x0000000788f80000,0x0000000788f80000,0x0000000789b80000)
 ParOldGen       total 86528K, used 9909K [0x00000006e2400000, 0x00000006e7880000, 0x0000000776180000)
  object space 86528K, 11% used [0x00000006e2400000,0x00000006e2dad570,0x00000006e7880000)
 Metaspace       used 33125K, capacity 35392K, committed 35496K, reserved 1079296K
  class space    used 4348K, capacity 4776K, committed 4864K, reserved 1048576K
Event: 4.187 GC heap after
Heap after GC invocations=9 (full 2):
 PSYoungGen      total 199168K, used 0K [0x0000000776180000, 0x0000000789b80000, 0x00000007c0000000)
  eden space 186880K, 0% used [0x0000000776180000,0x0000000776180000,0x0000000781800000)
  from space 12288K, 0% used [0x0000000781800000,0x0000000781800000,0x0000000782400000)
  to   space 12288K, 0% used [0x0000000788f80000,0x0000000788f80000,0x0000000789b80000)
 ParOldGen       total 141312K, used 14897K [0x00000006e2400000, 0x00000006eae00000, 0x0000000776180000)
  object space 141312K, 10% used [0x00000006e2400000,0x00000006e328c4c0,0x00000006eae00000)
 Metaspace       used 33125K, capacity 35392K, committed 35496K, reserved 1079296K
  class space    used 4348K, capacity 4776K, committed 4864K, reserved 1048576K
}
Event: 5.755 GC heap before
{Heap before GC invocations=10 (full 2):
 PSYoungGen      total 199168K, used 186880K [0x0000000776180000, 0x0000000789b80000, 0x00000007c0000000)
  eden space 186880K, 100% used [0x0000000776180000,0x0000000781800000,0x0000000781800000)
  from space 12288K, 0% used [0x0000000781800000,0x0000000781800000,0x0000000782400000)
  to   space 12288K, 0% used [0x0000000788f80000,0x0000000788f80000,0x0000000789b80000)
 ParOldGen       total 141312K, used 14897K [0x00000006e2400000, 0x00000006eae00000, 0x0000000776180000)
  object space 141312K, 10% used [0x00000006e2400000,0x00000006e328c4c0,0x00000006eae00000)
 Metaspace       used 44607K, capacity 47488K, committed 47616K, reserved 1091584K
  class space    used 5797K, capacity 6326K, committed 6400K, reserved 1048576K
Event: 5.764 GC heap after
Heap after GC invocations=10 (full 2):
 PSYoungGen      total 259584K, used 12260K [0x0000000776180000, 0x0000000789b80000, 0x00000007c0000000)
  eden space 247296K, 0% used [0x0000000776180000,0x0000000776180000,0x0000000785300000)
  from space 12288K, 99% used [0x0000000788f80000,0x0000000789b790e8,0x0000000789b80000)
  to   space 13312K, 0% used [0x0000000788180000,0x0000000788180000,0x0000000788e80000)
 ParOldGen       total 141312K, used 15365K [0x00000006e2400000, 0x00000006eae00000, 0x0000000776180000)
  object space 141312K, 10% used [0x00000006e2400000,0x00000006e3301528,0x00000006eae00000)
 Metaspace       used 44607K, capacity 47488K, committed 47616K, reserved 1091584K
  class space    used 5797K, capacity 6326K, committed 6400K, reserved 1048576K
}
Event: 6.792 GC heap before
{Heap before GC invocations=11 (full 2):
 PSYoungGen      total 259584K, used 213816K [0x0000000776180000, 0x0000000789b80000, 0x00000007c0000000)
  eden space 247296K, 81% used [0x0000000776180000,0x00000007826550b0,0x0000000785300000)
  from space 12288K, 99% used [0x0000000788f80000,0x0000000789b790e8,0x0000000789b80000)
  to   space 13312K, 0% used [0x0000000788180000,0x0000000788180000,0x0000000788e80000)
 ParOldGen       total 141312K, used 15365K [0x00000006e2400000, 0x00000006eae00000, 0x0000000776180000)
  object space 141312K, 10% used [0x00000006e2400000,0x00000006e3301528,0x00000006eae00000)
 Metaspace       used 55311K, capacity 59022K, committed 59136K, reserved 1099776K
  class space    used 7195K, capacity 7836K, committed 7936K, reserved 1048576K
Event: 6.807 GC heap after
Heap after GC invocations=11 (full 2):
 PSYoungGen      total 308224K, used 13307K [0x0000000776180000, 0x000000078a980000, 0x00000007c0000000)
  eden space 294912K, 0% used [0x0000000776180000,0x0000000776180000,0x0000000788180000)
  from space 13312K, 99% used [0x0000000788180000,0x0000000788e7ee48,0x0000000788e80000)
  to   space 18944K, 0% used [0x0000000789700000,0x0000000789700000,0x000000078a980000)
 ParOldGen       total 141312K, used 26269K [0x00000006e2400000, 0x00000006eae00000, 0x0000000776180000)
  object space 141312K, 18% used [0x00000006e2400000,0x00000006e3da7528,0x00000006eae00000)
 Metaspace       used 55311K, capacity 59022K, committed 59136K, reserved 1099776K
  class space    used 7195K, capacity 7836K, committed 7936K, reserved 1048576K
}
Event: 6.807 GC heap before
{Heap before GC invocations=12 (full 3):
 PSYoungGen      total 308224K, used 13307K [0x0000000776180000, 0x000000078a980000, 0x00000007c0000000)
  eden space 294912K, 0% used [0x0000000776180000,0x0000000776180000,0x0000000788180000)
  from space 13312K, 99% used [0x0000000788180000,0x0000000788e7ee48,0x0000000788e80000)
  to   space 18944K, 0% used [0x0000000789700000,0x0000000789700000,0x000000078a980000)
 ParOldGen       total 141312K, used 26269K [0x00000006e2400000, 0x00000006eae00000, 0x0000000776180000)
  object space 141312K, 18% used [0x00000006e2400000,0x00000006e3da7528,0x00000006eae00000)
 Metaspace       used 55311K, capacity 59022K, committed 59136K, reserved 1099776K
  class space    used 7195K, capacity 7836K, committed 7936K, reserved 1048576K
Event: 6.935 GC heap after
Heap after GC invocations=12 (full 3):
 PSYoungGen      total 308224K, used 0K [0x0000000776180000, 0x000000078a980000, 0x00000007c0000000)
  eden space 294912K, 0% used [0x0000000776180000,0x0000000776180000,0x0000000788180000)
  from space 13312K, 0% used [0x0000000788180000,0x0000000788180000,0x0000000788e80000)
  to   space 18944K, 0% used [0x0000000789700000,0x0000000789700000,0x000000078a980000)
 ParOldGen       total 221696K, used 36463K [0x00000006e2400000, 0x00000006efc80000, 0x0000000776180000)
  object space 221696K, 16% used [0x00000006e2400000,0x00000006e479bfc8,0x00000006efc80000)
 Metaspace       used 55280K, capacity 58942K, committed 59136K, reserved 1099776K
  class space    used 7187K, capacity 7822K, committed 7936K, reserved 1048576K
}

Deoptimization events (0 events):
No events

Internal exceptions (10 events):
Event: 190.119 Thread 0x0000000023627000 Exception <a 'java/lang/ArrayIndexOutOfBoundsException': 56> (0x000000077eddb720) thrown at [D:\re\workspace\8-2-build-windows-amd64-cygwin\jdk8u40\2855\hotspot\src\share\vm\interpreter\interpreterRuntime.cpp, line 366]
Event: 190.133 Thread 0x0000000023627000 Exception <a 'java/lang/ArrayIndexOutOfBoundsException': 5> (0x000000077ee82aa8) thrown at [D:\re\workspace\8-2-build-windows-amd64-cygwin\jdk8u40\2855\hotspot\src\share\vm\interpreter\interpreterRuntime.cpp, line 366]
Event: 190.206 Thread 0x0000000023627000 Exception <a 'java/lang/ArrayIndexOutOfBoundsException': 24> (0x000000077efa2a50) thrown at [D:\re\workspace\8-2-build-windows-amd64-cygwin\jdk8u40\2855\hotspot\src\share\vm\interpreter\interpreterRuntime.cpp, line 366]
Event: 190.207 Thread 0x0000000023627000 Exception <a 'java/lang/ArrayIndexOutOfBoundsException': 483> (0x000000077efa6ff8) thrown at [D:\re\workspace\8-2-build-windows-amd64-cygwin\jdk8u40\2855\hotspot\src\share\vm\interpreter\interpreterRuntime.cpp, line 366]
Event: 190.208 Thread 0x0000000023627000 Exception <a 'java/lang/ArrayIndexOutOfBoundsException': 312> (0x000000077efaa330) thrown at [D:\re\workspace\8-2-build-windows-amd64-cygwin\jdk8u40\2855\hotspot\src\share\vm\interpreter\interpreterRuntime.cpp, line 366]
Event: 190.208 Thread 0x0000000023627000 Exception <a 'java/lang/ArrayIndexOutOfBoundsException': 5> (0x000000077efab8c0) thrown at [D:\re\workspace\8-2-build-windows-amd64-cygwin\jdk8u40\2855\hotspot\src\share\vm\interpreter\interpreterRuntime.cpp, line 366]
Event: 190.208 Thread 0x0000000023627000 Exception <a 'java/lang/ArrayIndexOutOfBoundsException': 55> (0x000000077efacac8) thrown at [D:\re\workspace\8-2-build-windows-amd64-cygwin\jdk8u40\2855\hotspot\src\share\vm\interpreter\interpreterRuntime.cpp, line 366]
Event: 190.209 Thread 0x0000000023627000 Exception <a 'java/lang/ArrayIndexOutOfBoundsException': 34> (0x000000077efafc58) thrown at [D:\re\workspace\8-2-build-windows-amd64-cygwin\jdk8u40\2855\hotspot\src\share\vm\interpreter\interpreterRuntime.cpp, line 366]
Event: 190.209 Thread 0x0000000023627000 Exception <a 'java/lang/ArrayIndexOutOfBoundsException': 30> (0x000000077efb0b78) thrown at [D:\re\workspace\8-2-build-windows-amd64-cygwin\jdk8u40\2855\hotspot\src\share\vm\interpreter\interpreterRuntime.cpp, line 366]
Event: 190.209 Thread 0x0000000023627000 Exception <a 'java/lang/ArrayIndexOutOfBoundsException': 15> (0x000000077efb1690) thrown at [D:\re\workspace\8-2-build-windows-amd64-cygwin\jdk8u40\2855\hotspot\src\share\vm\interpreter\interpreterRuntime.cpp, line 366]

Events (10 events):
Event: 667.191 Executing VM operation: ChangeBreakpoints
Event: 667.191 Executing VM operation: ChangeBreakpoints done
Event: 667.191 Executing VM operation: ChangeBreakpoints
Event: 667.192 Executing VM operation: ChangeBreakpoints done
Event: 667.193 Executing VM operation: RedefineClasses
Event: 667.249 Executing VM operation: RedefineClasses done
Event: 667.279 Executing VM operation: ChangeBreakpoints
Event: 667.281 Executing VM operation: ChangeBreakpoints done
Event: 667.284 Executing VM operation: ChangeBreakpoints
Event: 667.287 Executing VM operation: ChangeBreakpoints done


Dynamic libraries:
0x00007ff705930000 - 0x00007ff705967000 	D:\jdk\java8\bin\java.exe
0x00007ffc7d770000 - 0x00007ffc7d986000 	C:\WINDOWS\SYSTEM32\ntdll.dll
0x00007ffc7bfe0000 - 0x00007ffc7c0a4000 	C:\WINDOWS\System32\KERNEL32.DLL
0x00007ffc7b0f0000 - 0x00007ffc7b497000 	C:\WINDOWS\System32\KERNELBASE.dll
0x00007ffc7ce40000 - 0x00007ffc7cef2000 	C:\WINDOWS\System32\ADVAPI32.dll
0x00007ffc7c240000 - 0x00007ffc7c2e7000 	C:\WINDOWS\System32\msvcrt.dll
0x00007ffc7cd90000 - 0x00007ffc7ce38000 	C:\WINDOWS\System32\sechost.dll
0x00007ffc7aa90000 - 0x00007ffc7aab8000 	C:\WINDOWS\System32\bcrypt.dll
0x00007ffc7c7f0000 - 0x00007ffc7c905000 	C:\WINDOWS\System32\RPCRT4.dll
0x00007ffc7c910000 - 0x00007ffc7cabe000 	C:\WINDOWS\System32\USER32.dll
0x00007ffc7ad50000 - 0x00007ffc7ad76000 	C:\WINDOWS\System32\win32u.dll
0x00007ffc7cd50000 - 0x00007ffc7cd79000 	C:\WINDOWS\System32\GDI32.dll
0x00007ffc7aeb0000 - 0x00007ffc7afc9000 	C:\WINDOWS\System32\gdi32full.dll
0x00007ffc7afd0000 - 0x00007ffc7b06a000 	C:\WINDOWS\System32\msvcp_win.dll
0x00007ffc7aac0000 - 0x00007ffc7abd1000 	C:\WINDOWS\System32\ucrtbase.dll
0x00007ffc6a240000 - 0x00007ffc6a4d3000 	C:\WINDOWS\WinSxS\amd64_microsoft.windows.common-controls_6595b64144ccf1df_6.0.22621.3235_none_270f74e173860f98\COMCTL32.dll
0x00007ffc7d280000 - 0x00007ffc7d2b1000 	C:\WINDOWS\System32\IMM32.DLL
0x0000000061aa0000 - 0x0000000061b72000 	D:\jdk\java8\bin\msvcr100.dll
0x000000005fe50000 - 0x00000000606d3000 	D:\jdk\java8\bin\server\jvm.dll
0x00007ffc7cd80000 - 0x00007ffc7cd88000 	C:\WINDOWS\System32\PSAPI.DLL
0x00007ffc739b0000 - 0x00007ffc739ba000 	C:\WINDOWS\SYSTEM32\VERSION.dll
0x00007ffc635c0000 - 0x00007ffc635c9000 	C:\WINDOWS\SYSTEM32\WSOCK32.dll
0x00007ffc745c0000 - 0x00007ffc745f4000 	C:\WINDOWS\SYSTEM32\WINMM.dll
0x00007ffc7b4b0000 - 0x00007ffc7b521000 	C:\WINDOWS\System32\WS2_32.dll
0x0000000061a90000 - 0x0000000061a9f000 	D:\jdk\java8\bin\verify.dll
0x0000000061a60000 - 0x0000000061a89000 	D:\jdk\java8\bin\java.dll
0x00000000619c0000 - 0x00000000619f5000 	D:\jdk\java8\bin\jdwp.dll
0x00000000619b0000 - 0x00000000619b8000 	D:\jdk\java8\bin\npt.dll
0x0000000061980000 - 0x00000000619a3000 	D:\jdk\java8\bin\instrument.dll
0x0000000061a40000 - 0x0000000061a56000 	D:\jdk\java8\bin\zip.dll
0x00007ffc7b530000 - 0x00007ffc7bd8c000 	C:\WINDOWS\System32\SHELL32.dll
0x00007ffc789f0000 - 0x00007ffc792e9000 	C:\WINDOWS\SYSTEM32\windows.storage.dll
0x00007ffc7d2c0000 - 0x00007ffc7d648000 	C:\WINDOWS\System32\combase.dll
0x00007ffc788b0000 - 0x00007ffc789ee000 	C:\WINDOWS\SYSTEM32\wintypes.dll
0x00007ffc7c140000 - 0x00007ffc7c233000 	C:\WINDOWS\System32\SHCORE.dll
0x00007ffc7bd90000 - 0x00007ffc7bdee000 	C:\WINDOWS\System32\shlwapi.dll
0x00007ffc7a9c0000 - 0x00007ffc7a9e1000 	C:\WINDOWS\SYSTEM32\profapi.dll
0x0000000061970000 - 0x0000000061979000 	D:\jdk\java8\bin\dt_socket.dll
0x00007ffc79f40000 - 0x00007ffc79fa9000 	C:\WINDOWS\system32\mswsock.dll
0x0000000061a20000 - 0x0000000061a3a000 	D:\jdk\java8\bin\net.dll
0x00007ffc795c0000 - 0x00007ffc796b9000 	C:\WINDOWS\SYSTEM32\DNSAPI.dll
0x00007ffc79590000 - 0x00007ffc795bd000 	C:\WINDOWS\SYSTEM32\IPHLPAPI.DLL
0x00007ffc7be00000 - 0x00007ffc7be09000 	C:\WINDOWS\System32\NSI.dll
0x00007ffc74a30000 - 0x00007ffc74a3a000 	C:\Windows\System32\rasadhlp.dll
0x00007ffc74810000 - 0x00007ffc74893000 	C:\WINDOWS\System32\fwpuclnt.dll
0x0000000061960000 - 0x000000006196d000 	D:\jdk\java8\bin\management.dll
0x0000000061a00000 - 0x0000000061a11000 	D:\jdk\java8\bin\nio.dll
0x00007ffc7a1a0000 - 0x00007ffc7a1bb000 	C:\WINDOWS\SYSTEM32\CRYPTSP.dll
0x00007ffc79a30000 - 0x00007ffc79a65000 	C:\WINDOWS\system32\rsaenh.dll
0x00007ffc7a040000 - 0x00007ffc7a068000 	C:\WINDOWS\SYSTEM32\USERENV.dll
0x00007ffc7b070000 - 0x00007ffc7b0e9000 	C:\WINDOWS\System32\bcryptprimitives.dll
0x00007ffc7a1c0000 - 0x00007ffc7a1cc000 	C:\WINDOWS\SYSTEM32\CRYPTBASE.dll
0x00007ffc75510000 - 0x00007ffc75529000 	C:\WINDOWS\SYSTEM32\dhcpcsvc6.DLL
0x00007ffc754f0000 - 0x00007ffc7550f000 	C:\WINDOWS\SYSTEM32\dhcpcsvc.DLL
0x00007ffc573e0000 - 0x00007ffc573f7000 	C:\WINDOWS\system32\napinsp.dll
0x00007ffc55b70000 - 0x00007ffc55b8b000 	C:\WINDOWS\system32\pnrpnsp.dll
0x00007ffc55b50000 - 0x00007ffc55b61000 	C:\WINDOWS\System32\winrnr.dll
0x00007ffc55af0000 - 0x00007ffc55b05000 	C:\WINDOWS\system32\wshbth.dll
0x00007ffc55ac0000 - 0x00007ffc55ae1000 	C:\WINDOWS\system32\nlansp_c.dll
0x0000000061930000 - 0x0000000061954000 	D:\jdk\java8\bin\sunec.dll
0x00007ffc78650000 - 0x00007ffc78883000 	C:\WINDOWS\SYSTEM32\dbghelp.dll
0x00007ffc7d650000 - 0x00007ffc7d727000 	C:\WINDOWS\System32\OLEAUT32.dll

VM Arguments:
jvm_args: -agentlib:jdwp=transport=dt_socket,address=127.0.0.1:58856,suspend=y,server=n -XX:TieredStopAtLevel=1 -Xverify:none -Dspring.output.ansi.enabled=always -Dcom.sun.management.jmxremote -Dspring.jmx.enabled=true -Dspring.liveBeansView.mbeanDomain -Dspring.application.admin.enabled=true -Dmanagement.endpoints.jmx.exposure.include=* -javaagent:C:\Users\chenyanglin\AppData\Local\JetBrains\IntelliJIdea2023.3\captureAgent\debugger-agent.jar -Dfile.encoding=UTF-8 
java_command: com.younglin.partnerMatching.UserCenterApplication
java_class_path (initial): D:\jdk\java8\jre\lib\charsets.jar;D:\jdk\java8\jre\lib\deploy.jar;D:\jdk\java8\jre\lib\ext\access-bridge-64.jar;D:\jdk\java8\jre\lib\ext\cldrdata.jar;D:\jdk\java8\jre\lib\ext\dnsns.jar;D:\jdk\java8\jre\lib\ext\jaccess.jar;D:\jdk\java8\jre\lib\ext\jfxrt.jar;D:\jdk\java8\jre\lib\ext\localedata.jar;D:\jdk\java8\jre\lib\ext\nashorn.jar;D:\jdk\java8\jre\lib\ext\sunec.jar;D:\jdk\java8\jre\lib\ext\sunjce_provider.jar;D:\jdk\java8\jre\lib\ext\sunmscapi.jar;D:\jdk\java8\jre\lib\ext\sunpkcs11.jar;D:\jdk\java8\jre\lib\ext\zipfs.jar;D:\jdk\java8\jre\lib\javaws.jar;D:\jdk\java8\jre\lib\jce.jar;D:\jdk\java8\jre\lib\jfr.jar;D:\jdk\java8\jre\lib\jfxswt.jar;D:\jdk\java8\jre\lib\jsse.jar;D:\jdk\java8\jre\lib\management-agent.jar;D:\jdk\java8\jre\lib\plugin.jar;D:\jdk\java8\jre\lib\resources.jar;D:\jdk\java8\jre\lib\rt.jar;D:\code\Y-Partner-Matching\Y-Partner-Matching-backend\target\classes;D:\apache-maven-3.6.1\maven_resp\org\springframework\boot\spring-boot-starter-web\2.6.4\spring-boot-starter-web-2.6.4.jar;D:\apache-maven-3.6.1\maven_resp\org\springframework\boot\spring-boot-starter\2.6.4\spring-boot-starter-2.6.4.jar;D:\apache-maven-3.6.1\maven_resp\org\springframework\boot\spring-boot-starter-logging\2.6.4\spring-boot-starter-logging-2.6.4.jar;D:\apache-maven-3.6.1\maven_resp\ch\qos\logback\logback-classic\1.2.10\logback-classic-1.2.10.jar;D:\apache-maven-3.6.1\maven_resp\ch\qos\logback\logback-core\1.2.10\logback-core-1.2.10.jar;D:\apache-maven-3.6.1\maven_resp\org\apache\logging\log4j\log4j-to-slf4j\2.17.1\log4j-to-slf4j-2.17.1.jar;D:\apache-maven-3.6.1\maven_resp\org\apache\logging\log4j\log4j-api\2.17.1\log4j-api-2.17.1.jar;D:\apache-maven-3.6.1\maven_resp\org\slf4j\jul-to-slf4j\1.7.36\jul-to-slf4j-1.7.36.jar;D:\apache-maven-3.6.1\maven_resp\jakarta\annotation\jakarta.annotation-api\1.3.5\jakarta.annotation-api-1.3.5.jar;D:\apache-maven-3.6.1\maven_resp\org\springframework\boot\spring-boot-starter-json\2.6.4\spring-boot-starter-json-2.6.4.jar;D:\
Launcher Type: SUN_STANDARD

Environment Variables:
PATH=C:\ProgramData\Oracle\Java\javapath;D:\vmwareAll\vmware17\bin\;D:\jdk\java8\bin;C:\Program Files\Common Files\Oracle\Java\javapath;C:\Windows\system32;C:\Windows;C:\Windows\System32\Wbem;C:\Windows\System32\WindowsPowerShell\v1.0\;C:\Windows\System32\OpenSSH\;C:\Program Files (x86)\NVIDIA Corporation\PhysX\Common;D:\mysql-8.0.29-winx64\bin;C:\Program Files\NVIDIA Corporation\NVIDIA NvDLISR;D:\apache-maven-3.6.1\bin;C:\WINDOWS\system32;C:\WINDOWS;C:\WINDOWS\System32\Wbem;C:\WINDOWS\System32\WindowsPowerShell\v1.0\;C:\WINDOWS\System32\OpenSSH\;D:\Git\cmd;D:\Notepad++;D:\newsoftware\wechat_develop\微信web开发者工具\dll;D:\newsoftware\nvm;D:\newsoftware\nodejs;C:\Users\chenyanglin\AppData\Local\Programs\Python\Python312\Scripts\;C:\Users\chenyanglin\AppData\Local\Programs\Python\Python312\;C:\Users\chenyanglin\AppData\Local\Programs\Python\Launcher\;D:\mysql-8.0.29-winx64\bin;D:\Java\bin;C:\Users\chenyanglin\AppData\Local\Microsoft\WindowsApps;C:\Users\chenyanglin\AppData\Local\Programs\Microsoft VS Code\bin;C:\Users\chenyanglin\AppData\Roaming\npm;D:\newsoftware\nvm;D:\newsoftware\nodejs;D:\newsoftware\WebStorm 2023.3.6\bin;;D:\newsoftware\IntelliJ IDEA 2023.3.6\bin;
USERNAME=chenyanglin
OS=Windows_NT
PROCESSOR_IDENTIFIER=AMD64 Family 25 Model 80 Stepping 0, AuthenticAMD



---------------  S Y S T E M  ---------------

OS: Windows 10.0 , 64 bit Build 22621 (10.0.22621.3374)

CPU:total 12 (12 cores per cpu, 1 threads per core) family 25 model 80 stepping 0, cmov, cx8, fxsr, mmx, sse, sse2, sse3, ssse3, sse4.1, sse4.2, popcnt, avx, avx2, aes, clmul, erms, mmxext, 3dnowpref, lzcnt, sse4a, tsc, tscinvbit, tscinv, bmi1

Memory: 4k page, physical 14528572k(1168536k free), swap 37597244k(8501108k free)

vm_info: Java HotSpot(TM) 64-Bit Server VM (25.40-b25) for windows-amd64 JRE (1.8.0_40-b25), built on Feb 10 2015 21:53:57 by "java_re" with MS VC++ 10.0 (VS2010)

time: Tue Apr 16 08:50:18 2024
elapsed time: 667 seconds (0d 0h 11m 7s)

