#
# A fatal error has been detected by the Java Runtime Environment:
#
#  EXCEPTION_ACCESS_VIOLATION (0xc0000005) at pc=0x000000005ff4a190, pid=35900, tid=2040
#
# JRE version: Java(TM) SE Runtime Environment (8.0_40-b25) (build 1.8.0_40-b25)
# Java VM: Java HotSpot(TM) 64-Bit Server VM (25.40-b25 mixed mode windows-amd64 compressed oops)
# Problematic frame:
# V  [jvm.dll+0xfa190]
#
# Failed to write core dump. Minidumps are not enabled by default on client versions of Windows
#
# If you would like to submit a bug report, please visit:
#   http://bugreport.java.com/bugreport/crash.jsp
#

---------------  T H R E A D  ---------------

Current thread (0x000000001d762800):  VMThread [stack: 0x000000001e7f0000,0x000000001e8f0000] [id=2040]

siginfo: ExceptionCode=0xc0000005, reading address 0x000000000000001b

Registers:
RAX=0x000000000000000b, RBX=0x000000002506ab10, RCX=0x0000000024f9a4b8, RDX=0x00000007c05e16a0
RSP=0x000000001e8eee70, RBP=0x0000000000000001, RSI=0x000000000000001d, RDI=0x00000007c05e16a0
R8 =0x000000003f6c75b0, R9 =0x000000000000001d, R10=0x000000002480c3b8, R11=0x000000000000001d
R12=0x000000003f6c74c0, R13=0x000000002506ab10, R14=0x000000002506aae0, R15=0x000000003f6c75b0
RIP=0x000000005ff4a190, EFLAGS=0x0000000000010206

Top of Stack: (sp=0x000000001e8eee70)
0x000000001e8eee70:   000000003f0f2a20 000000006006a74a
0x000000001e8eee80:   0000000000000007 0000000000000010
0x000000001e8eee90:   000000002506a848 000000005ff4a407
0x000000001e8eeea0:   00000007c0995c28 0000000000000000
0x000000001e8eeeb0:   000000000000001c 000000005ff5dfcb
0x000000001e8eeec0:   00000007c05e16a0 000000005fe515d6
0x000000001e8eeed0:   000000001edef630 000000002506a848
0x000000001e8eeee0:   000000001d762800 000000001e8ef070
0x000000001e8eeef0:   000000001d762800 00000000600150ad
0x000000001e8eef00:   00000007c0995c28 000000003f6c74c0
0x000000001e8eef10:   000000001d762800 00000000034fe490
0x000000001e8eef20:   000000001e8eefd8 000000002480bb30
0x000000001e8eef30:   000000001d762800 0000000000000000
0x000000001e8eef40:   0000000700000000 0000000000000000
0x000000001e8eef50:   000000002506b028 000000001d762800
0x000000001e8eef60:   000000001d762800 000000001d762020 

Instructions: (pc=0x000000005ff4a190)
0x000000005ff4a170:   41 18 48 c1 e8 14 a8 01 74 06 48 8b 59 10 eb 1b
0x000000005ff4a180:   48 8b 41 08 48 85 c0 74 44 48 8b 49 08 48 8b 01
0x000000005ff4a190:   ff 50 10 84 c0 74 36 48 8b 5b 08 48 85 db 74 2d
0x000000005ff4a1a0:   48 8b 03 48 8b cb ff 50 10 84 c0 74 20 48 85 ff 


Register to memory mapping:

RAX=0x000000000000000b is an unknown value
RBX=0x000000002506ab10 is pointing into metadata
RCX=0x0000000024f9a4b8 is pointing into metadata
RDX=0x00000007c05e16a0 is pointing into metadata
RSP=0x000000001e8eee70 is an unknown value
RBP=0x0000000000000001 is an unknown value
RSI=0x000000000000001d is an unknown value
RDI=0x00000007c05e16a0 is pointing into metadata
R8 =0x000000003f6c75b0 is an unknown value
R9 =0x000000000000001d is an unknown value
R10=0x000000002480c3b8 is pointing into metadata
R11=0x000000000000001d is an unknown value
R12=0x000000003f6c74c0 is an unknown value
R13=0x000000002506ab10 is pointing into metadata
R14=0x000000002506aae0 is pointing into metadata
R15=0x000000003f6c75b0 is an unknown value


Stack: [0x000000001e7f0000,0x000000001e8f0000],  sp=0x000000001e8eee70,  free space=1019k
Native frames: (J=compiled Java code, j=interpreted, Vv=VM code, C=native code)
V  [jvm.dll+0xfa190]
V  [jvm.dll+0xfa407]
V  [jvm.dll+0x1c50ad]
V  [jvm.dll+0x6154b]
V  [jvm.dll+0x1c58ad]
V  [jvm.dll+0x1c5b3b]
V  [jvm.dll+0x247e97]
V  [jvm.dll+0x247136]
V  [jvm.dll+0x2475d1]
V  [jvm.dll+0x2477ee]
V  [jvm.dll+0x29848a]
C  [msvcr100.dll+0x21d9f]
C  [msvcr100.dll+0x21e3b]
C  [KERNEL32.DLL+0x1257d]
C  [ntdll.dll+0x5aa48]

VM_Operation (0x000000001edef630): RedefineClasses, mode: safepoint, requested by thread 0x000000001d801000


---------------  P R O C E S S  ---------------

Java Threads: ( => current thread )
  0x00000000233db000 JavaThread "redisson-netty-60-32" [_thread_in_native, id=19328, stack(0x0000000040ed0000,0x0000000040fd0000)]
  0x00000000233de000 JavaThread "redisson-netty-60-31" [_thread_in_native, id=44544, stack(0x0000000040cd0000,0x0000000040dd0000)]
  0x00000000233db800 JavaThread "redisson-netty-60-29" [_thread_in_native, id=41124, stack(0x0000000040bd0000,0x0000000040cd0000)]
  0x00000000233dd000 JavaThread "redisson-netty-60-30" [_thread_in_native, id=50384, stack(0x0000000040ad0000,0x0000000040bd0000)]
  0x00000000233d3800 JavaThread "redisson-netty-60-28" [_thread_in_native, id=48016, stack(0x00000000409d0000,0x0000000040ad0000)]
  0x00000000233d7000 JavaThread "redisson-netty-60-27" [_thread_in_native, id=43444, stack(0x000000003e3f0000,0x000000003e4f0000)]
  0x00000000233d6800 JavaThread "redisson-netty-60-26" [_thread_in_native, id=45868, stack(0x0000000036e70000,0x0000000036f70000)]
  0x00000000233d4000 JavaThread "redisson-netty-60-25" [_thread_in_native, id=48288, stack(0x0000000034d50000,0x0000000034e50000)]
  0x00000000233da000 JavaThread "redisson-netty-60-24" [_thread_in_native, id=22740, stack(0x0000000034c50000,0x0000000034d50000)]
  0x00000000233d8800 JavaThread "redisson-netty-60-23" [_thread_in_native, id=2596, stack(0x0000000033b40000,0x0000000033c40000)]
  0x00000000233d5000 JavaThread "redisson-netty-60-22" [_thread_in_native, id=3664, stack(0x0000000033a40000,0x0000000033b40000)]
  0x00000000233d2800 JavaThread "redisson-netty-60-21" [_thread_in_native, id=53128, stack(0x0000000033940000,0x0000000033a40000)]
  0x00000000233d9800 JavaThread "redisson-netty-60-20" [_thread_in_native, id=17828, stack(0x0000000031820000,0x0000000031920000)]
  0x00000000233d8000 JavaThread "redisson-netty-60-19" [_thread_in_native, id=41108, stack(0x0000000031720000,0x0000000031820000)]
  0x00000000233cf800 JavaThread "redisson-netty-60-18" [_thread_in_native, id=36408, stack(0x0000000031620000,0x0000000031720000)]
  0x00000000233d2000 JavaThread "redisson-netty-60-17" [_thread_in_native, id=25288, stack(0x0000000031520000,0x0000000031620000)]
  0x00000000233d1000 JavaThread "redisson-netty-60-16" [_thread_in_native, id=53372, stack(0x000000002f400000,0x000000002f500000)]
  0x00000000233cf000 JavaThread "redisson-netty-60-15" [_thread_in_native, id=44508, stack(0x000000002f300000,0x000000002f400000)]
  0x00000000233d5800 JavaThread "redisson-netty-60-14" [_thread_in_native, id=18404, stack(0x000000002f200000,0x000000002f300000)]
  0x0000000023655000 JavaThread "redisson-netty-60-13" [_thread_in_native, id=30232, stack(0x000000002f100000,0x000000002f200000)]
  0x0000000023653800 JavaThread "redisson-netty-60-12" [_thread_in_native, id=16492, stack(0x000000002cfe0000,0x000000002d0e0000)]
  0x0000000023653000 JavaThread "redisson-netty-60-11" [_thread_in_native, id=49268, stack(0x000000002cee0000,0x000000002cfe0000)]
  0x0000000023654800 JavaThread "redisson-netty-60-10" [_thread_in_native, id=13456, stack(0x000000002cde0000,0x000000002cee0000)]
  0x000000002364b800 JavaThread "redisson-netty-60-9" [_thread_in_native, id=28356, stack(0x000000002cce0000,0x000000002cde0000)]
  0x0000000023652000 JavaThread "redisson-netty-60-8" [_thread_in_native, id=19788, stack(0x000000002abc0000,0x000000002acc0000)]
  0x000000002364c000 JavaThread "redisson-netty-60-7" [_thread_in_native, id=7740, stack(0x000000002aac0000,0x000000002abc0000)]
  0x000000002364a800 JavaThread "redisson-netty-60-6" [_thread_in_native, id=30792, stack(0x000000002a9c0000,0x000000002aac0000)]
  0x0000000023650800 JavaThread "redisson-timer-62-1" [_thread_blocked, id=2436, stack(0x000000002a8c0000,0x000000002a9c0000)]
  0x0000000023650000 JavaThread "redisson-netty-60-5" [_thread_in_native, id=28392, stack(0x00000000287a0000,0x00000000288a0000)]
  0x0000000023651800 JavaThread "redisson-netty-60-4" [_thread_in_native, id=53360, stack(0x00000000286a0000,0x00000000287a0000)]
  0x0000000023648800 JavaThread "redisson-netty-60-3" [_thread_in_native, id=5060, stack(0x00000000285a0000,0x00000000286a0000)]
  0x000000002364a000 JavaThread "redisson-netty-60-2" [_thread_in_native, id=44980, stack(0x0000000024a60000,0x0000000024b60000)]
  0x000000002364f000 JavaThread "redisson-netty-60-1" [_thread_in_native, id=49292, stack(0x0000000024260000,0x0000000024360000)]
  0x000000002364e800 JavaThread "container-1" [_thread_blocked, id=46368, stack(0x0000000024160000,0x0000000024260000)]
  0x0000000023649000 JavaThread "Catalina-utility-2" [_thread_blocked, id=33656, stack(0x0000000024060000,0x0000000024160000)]
  0x000000002364d800 JavaThread "Catalina-utility-1" [_thread_blocked, id=37408, stack(0x0000000023d60000,0x0000000023e60000)]
  0x000000002364d000 JavaThread "lettuce-timer-59-1" daemon [_thread_blocked, id=31204, stack(0x0000000021190000,0x0000000021290000)]
  0x0000000023647800 JavaThread "restartedMain" [_thread_blocked, id=32028, stack(0x0000000021d90000,0x0000000021e90000)]
  0x0000000023647000 JavaThread "Thread-56" [_thread_blocked, id=6796, stack(0x00000000430d0000,0x00000000431d0000)]
  0x00000000233d0800 JavaThread "File Watcher" daemon [_thread_blocked, id=26820, stack(0x00000000014d0000,0x00000000015d0000)]
  0x000000003e95c800 JavaThread "DestroyJavaVM" [_thread_blocked, id=32344, stack(0x00000000033b0000,0x00000000034b0000)]
  0x0000000023646000 JavaThread "Live Reload Server" daemon [_thread_in_native, id=11324, stack(0x000000003e4f0000,0x000000003e5f0000)]
  0x00000000230f7000 JavaThread "mysql-cj-abandoned-connection-cleanup" daemon [_thread_blocked, id=19504, stack(0x0000000024360000,0x0000000024460000)]
  0x0000000022eb4000 JavaThread "Thread-10" daemon [_thread_in_native, id=14824, stack(0x0000000021e90000,0x0000000021f90000)]
  0x0000000020493800 JavaThread "RMI Scheduler(0)" daemon [_thread_blocked, id=53448, stack(0x0000000021890000,0x0000000021990000)]
  0x000000001f609800 JavaThread "RMI TCP Accept-0" daemon [_thread_in_native, id=20128, stack(0x000000001fdc0000,0x000000001fec0000)]
  0x000000001f42a000 JavaThread "Service Thread" daemon [_thread_blocked, id=27960, stack(0x000000001fca0000,0x000000001fda0000)]
  0x000000001f423800 JavaThread "C1 CompilerThread3" daemon [_thread_blocked, id=33768, stack(0x000000001fba0000,0x000000001fca0000)]
  0x000000001f422800 JavaThread "C2 CompilerThread2" daemon [_thread_blocked, id=15676, stack(0x000000001faa0000,0x000000001fba0000)]
  0x000000001f420000 JavaThread "C2 CompilerThread1" daemon [_thread_blocked, id=21412, stack(0x000000001f9a0000,0x000000001faa0000)]
  0x000000001f41f000 JavaThread "C2 CompilerThread0" daemon [_thread_blocked, id=43624, stack(0x000000001f8a0000,0x000000001f9a0000)]
  0x000000001d813800 JavaThread "JDWP Command Reader" daemon [_thread_in_native, id=42688, stack(0x000000001eef0000,0x000000001eff0000)]
  0x000000001d80f000 JavaThread "JDWP Event Helper Thread" daemon [_thread_blocked, id=32388, stack(0x000000001edf0000,0x000000001eef0000)]
  0x000000001d801000 JavaThread "JDWP Transport Listener: dt_socket" daemon [_thread_blocked, id=22016, stack(0x000000001ecf0000,0x000000001edf0000)]
  0x000000001d7f3000 JavaThread "Attach Listener" daemon [_thread_blocked, id=47600, stack(0x000000001ebf0000,0x000000001ecf0000)]
  0x000000001d7f1800 JavaThread "Signal Dispatcher" daemon [_thread_blocked, id=42964, stack(0x000000001eaf0000,0x000000001ebf0000)]
  0x000000001c0b2800 JavaThread "Finalizer" daemon [_thread_blocked, id=25516, stack(0x000000001e9f0000,0x000000001eaf0000)]
  0x000000001c0ab800 JavaThread "Reference Handler" daemon [_thread_blocked, id=27892, stack(0x000000001e8f0000,0x000000001e9f0000)]

Other Threads:
=>0x000000001d762800 VMThread [stack: 0x000000001e7f0000,0x000000001e8f0000] [id=2040]
  0x000000001f60f800 WatcherThread [stack: 0x000000001fec0000,0x000000001ffc0000] [id=30140]

VM state:at safepoint (normal execution)

VM Mutex/Monitor currently owned by a thread:  ([mutex/lock_event])
[0x00000000034d00d0] Threads_lock - owner thread: 0x000000001d762800

Heap:
 PSYoungGen      total 1163264K, used 297078K [0x0000000776180000, 0x00000007c0000000, 0x00000007c0000000)
  eden space 1113600K, 26% used [0x0000000776180000,0x000000078839da38,0x00000007ba100000)
  from space 49664K, 0% used [0x00000007bcf80000,0x00000007bcf80000,0x00000007c0000000)
  to   space 47616K, 0% used [0x00000007ba100000,0x00000007ba100000,0x00000007bcf80000)
 ParOldGen       total 364544K, used 42835K [0x00000006e2400000, 0x00000006f8800000, 0x0000000776180000)
  object space 364544K, 11% used [0x00000006e2400000,0x00000006e4dd4d68,0x00000006f8800000)
 Metaspace       used 73892K, capacity 80241K, committed 80512K, reserved 1120256K
  class space    used 9099K, capacity 10276K, committed 10368K, reserved 1048576K

Card table byte_map: [0x0000000012b10000,0x0000000013200000] byte_map_base: 0x000000000f3fe000

Marking Bits: (ParMarkBitMap*) 0x0000000060654040
 Begin Bits: [0x00000000140a0000, 0x0000000017810000)
 End Bits:   [0x0000000017810000, 0x000000001af80000)

Polling page: 0x0000000001660000

CodeCache: size=245760Kb used=25769Kb max_used=25769Kb free=219990Kb
 bounds [0x0000000003750000, 0x0000000005080000, 0x0000000012750000]
 total_blobs=14209 nmethods=13542 adapters=586
 compilation: enabled

Compilation events (10 events):
Event: 52556.850 Thread 0x000000001f423800 13712       1       org.springframework.beans.factory.support.GenericTypeAwareAutowireCandidateResolver::getReturnTypeForFactoryMethod (57 bytes)
Event: 52556.851 Thread 0x000000001f423800 nmethod 13712 0x000000000507ac90 code [0x000000000507ae40, 0x000000000507b1e8]
Event: 52556.871 Thread 0x000000001f423800 13713       1       java.util.concurrent.locks.ReentrantReadWriteLock$Sync::tryRelease (51 bytes)
Event: 52556.871 Thread 0x000000001f423800 nmethod 13713 0x000000000507b550 code [0x000000000507b6c0, 0x000000000507b8e8]
Event: 52556.872 Thread 0x000000001f423800 13714       1       java.util.concurrent.locks.ReentrantReadWriteLock$Sync::isHeldExclusively (16 bytes)
Event: 52556.872 Thread 0x000000001f423800 nmethod 13714 0x000000000507ba10 code [0x000000000507bb60, 0x000000000507bc90]
Event: 52556.873 Thread 0x000000001f423800 13715   !   1       com.sun.proxy.$Proxy48::annotationType (29 bytes)
Event: 52556.873 Thread 0x000000001f423800 nmethod 13715 0x000000000507bd10 code [0x000000000507bea0, 0x000000000507c118]
Event: 52556.891 Thread 0x000000001f423800 13716       1       com.fasterxml.jackson.databind.module.SimpleModule::getTypeId (31 bytes)
Event: 52556.891 Thread 0x000000001f423800 nmethod 13716 0x000000000507c290 code [0x000000000507c400, 0x000000000507c5c8]

GC Heap History (10 events):
Event: 52268.852 GC heap before
{Heap before GC invocations=39 (full 11):
 PSYoungGen      total 1158656K, used 14642K [0x0000000776180000, 0x00000007c0000000, 0x00000007c0000000)
  eden space 1103360K, 0% used [0x0000000776180000,0x0000000776180000,0x00000007b9700000)
  from space 55296K, 26% used [0x00000007bca00000,0x00000007bd84c890,0x00000007c0000000)
  to   space 52224K, 0% used [0x00000007b9700000,0x00000007b9700000,0x00000007bca00000)
 ParOldGen       total 364544K, used 39364K [0x00000006e2400000, 0x00000006f8800000, 0x0000000776180000)
  object space 364544K, 10% used [0x00000006e2400000,0x00000006e4a71040,0x00000006f8800000)
 Metaspace       used 72107K, capacity 78065K, committed 78208K, reserved 1118208K
  class space    used 8936K, capacity 10009K, committed 10112K, reserved 1048576K
Event: 52268.957 GC heap after
Heap after GC invocations=39 (full 11):
 PSYoungGen      total 1158656K, used 0K [0x0000000776180000, 0x00000007c0000000, 0x00000007c0000000)
  eden space 1103360K, 0% used [0x0000000776180000,0x0000000776180000,0x00000007b9700000)
  from space 55296K, 0% used [0x00000007bca00000,0x00000007bca00000,0x00000007c0000000)
  to   space 52224K, 0% used [0x00000007b9700000,0x00000007b9700000,0x00000007bca00000)
 ParOldGen       total 364544K, used 42175K [0x00000006e2400000, 0x00000006f8800000, 0x0000000776180000)
  object space 364544K, 11% used [0x00000006e2400000,0x00000006e4d2fe68,0x00000006f8800000)
 Metaspace       used 72093K, capacity 78041K, committed 78208K, reserved 1118208K
  class space    used 8933K, capacity 10004K, committed 10112K, reserved 1048576K
}
Event: 52393.471 GC heap before
{Heap before GC invocations=40 (full 11):
 PSYoungGen      total 1158656K, used 377557K [0x0000000776180000, 0x00000007c0000000, 0x00000007c0000000)
  eden space 1103360K, 34% used [0x0000000776180000,0x000000078d235448,0x00000007b9700000)
  from space 55296K, 0% used [0x00000007bca00000,0x00000007bca00000,0x00000007c0000000)
  to   space 52224K, 0% used [0x00000007b9700000,0x00000007b9700000,0x00000007bca00000)
 ParOldGen       total 364544K, used 42175K [0x00000006e2400000, 0x00000006f8800000, 0x0000000776180000)
  object space 364544K, 11% used [0x00000006e2400000,0x00000006e4d2fe68,0x00000006f8800000)
 Metaspace       used 72816K, capacity 79005K, committed 79360K, reserved 1118208K
  class space    used 9007K, capacity 10127K, committed 10240K, reserved 1048576K
Event: 52393.482 GC heap after
Heap after GC invocations=40 (full 11):
 PSYoungGen      total 1155584K, used 14542K [0x0000000776180000, 0x00000007c0000000, 0x00000007c0000000)
  eden space 1103360K, 0% used [0x0000000776180000,0x0000000776180000,0x00000007b9700000)
  from space 52224K, 27% used [0x00000007b9700000,0x00000007ba533a10,0x00000007bca00000)
  to   space 49664K, 0% used [0x00000007bcf80000,0x00000007bcf80000,0x00000007c0000000)
 ParOldGen       total 364544K, used 42183K [0x00000006e2400000, 0x00000006f8800000, 0x0000000776180000)
  object space 364544K, 11% used [0x00000006e2400000,0x00000006e4d31e68,0x00000006f8800000)
 Metaspace       used 72816K, capacity 79005K, committed 79360K, reserved 1118208K
  class space    used 9007K, capacity 10127K, committed 10240K, reserved 1048576K
}
Event: 52393.482 GC heap before
{Heap before GC invocations=41 (full 12):
 PSYoungGen      total 1155584K, used 14542K [0x0000000776180000, 0x00000007c0000000, 0x00000007c0000000)
  eden space 1103360K, 0% used [0x0000000776180000,0x0000000776180000,0x00000007b9700000)
  from space 52224K, 27% used [0x00000007b9700000,0x00000007ba533a10,0x00000007bca00000)
  to   space 49664K, 0% used [0x00000007bcf80000,0x00000007bcf80000,0x00000007c0000000)
 ParOldGen       total 364544K, used 42183K [0x00000006e2400000, 0x00000006f8800000, 0x0000000776180000)
  object space 364544K, 11% used [0x00000006e2400000,0x00000006e4d31e68,0x00000006f8800000)
 Metaspace       used 72816K, capacity 79005K, committed 79360K, reserved 1118208K
  class space    used 9007K, capacity 10127K, committed 10240K, reserved 1048576K
Event: 52393.604 GC heap after
Heap after GC invocations=41 (full 12):
 PSYoungGen      total 1155584K, used 0K [0x0000000776180000, 0x00000007c0000000, 0x00000007c0000000)
  eden space 1103360K, 0% used [0x0000000776180000,0x0000000776180000,0x00000007b9700000)
  from space 52224K, 0% used [0x00000007b9700000,0x00000007b9700000,0x00000007bca00000)
  to   space 49664K, 0% used [0x00000007bcf80000,0x00000007bcf80000,0x00000007c0000000)
 ParOldGen       total 364544K, used 42396K [0x00000006e2400000, 0x00000006f8800000, 0x0000000776180000)
  object space 364544K, 11% used [0x00000006e2400000,0x00000006e4d67190,0x00000006f8800000)
 Metaspace       used 72798K, capacity 78975K, committed 79360K, reserved 1118208K
  class space    used 9004K, capacity 10121K, committed 10240K, reserved 1048576K
}
Event: 52555.185 GC heap before
{Heap before GC invocations=42 (full 12):
 PSYoungGen      total 1155584K, used 408251K [0x0000000776180000, 0x00000007c0000000, 0x00000007c0000000)
  eden space 1103360K, 37% used [0x0000000776180000,0x000000078f02eff8,0x00000007b9700000)
  from space 52224K, 0% used [0x00000007b9700000,0x00000007b9700000,0x00000007bca00000)
  to   space 49664K, 0% used [0x00000007bcf80000,0x00000007bcf80000,0x00000007c0000000)
 ParOldGen       total 364544K, used 42396K [0x00000006e2400000, 0x00000006f8800000, 0x0000000776180000)
  object space 364544K, 11% used [0x00000006e2400000,0x00000006e4d67190,0x00000006f8800000)
 Metaspace       used 73365K, capacity 79635K, committed 79872K, reserved 1118208K
  class space    used 9053K, capacity 10204K, committed 10240K, reserved 1048576K
Event: 52555.203 GC heap after
Heap after GC invocations=42 (full 12):
 PSYoungGen      total 1163264K, used 14310K [0x0000000776180000, 0x00000007c0000000, 0x00000007c0000000)
  eden space 1113600K, 0% used [0x0000000776180000,0x0000000776180000,0x00000007ba100000)
  from space 49664K, 28% used [0x00000007bcf80000,0x00000007bdd79a10,0x00000007c0000000)
  to   space 47616K, 0% used [0x00000007ba100000,0x00000007ba100000,0x00000007bcf80000)
 ParOldGen       total 364544K, used 42404K [0x00000006e2400000, 0x00000006f8800000, 0x0000000776180000)
  object space 364544K, 11% used [0x00000006e2400000,0x00000006e4d69190,0x00000006f8800000)
 Metaspace       used 73365K, capacity 79635K, committed 79872K, reserved 1118208K
  class space    used 9053K, capacity 10204K, committed 10240K, reserved 1048576K
}
Event: 52555.203 GC heap before
{Heap before GC invocations=43 (full 13):
 PSYoungGen      total 1163264K, used 14310K [0x0000000776180000, 0x00000007c0000000, 0x00000007c0000000)
  eden space 1113600K, 0% used [0x0000000776180000,0x0000000776180000,0x00000007ba100000)
  from space 49664K, 28% used [0x00000007bcf80000,0x00000007bdd79a10,0x00000007c0000000)
  to   space 47616K, 0% used [0x00000007ba100000,0x00000007ba100000,0x00000007bcf80000)
 ParOldGen       total 364544K, used 42404K [0x00000006e2400000, 0x00000006f8800000, 0x0000000776180000)
  object space 364544K, 11% used [0x00000006e2400000,0x00000006e4d69190,0x00000006f8800000)
 Metaspace       used 73365K, capacity 79635K, committed 79872K, reserved 1118208K
  class space    used 9053K, capacity 10204K, committed 10240K, reserved 1048576K
Event: 52555.419 GC heap after
Heap after GC invocations=43 (full 13):
 PSYoungGen      total 1163264K, used 0K [0x0000000776180000, 0x00000007c0000000, 0x00000007c0000000)
  eden space 1113600K, 0% used [0x0000000776180000,0x0000000776180000,0x00000007ba100000)
  from space 49664K, 0% used [0x00000007bcf80000,0x00000007bcf80000,0x00000007c0000000)
  to   space 47616K, 0% used [0x00000007ba100000,0x00000007ba100000,0x00000007bcf80000)
 ParOldGen       total 364544K, used 42835K [0x00000006e2400000, 0x00000006f8800000, 0x0000000776180000)
  object space 364544K, 11% used [0x00000006e2400000,0x00000006e4dd4d68,0x00000006f8800000)
 Metaspace       used 73351K, capacity 79611K, committed 79872K, reserved 1118208K
  class space    used 9051K, capacity 10199K, committed 10240K, reserved 1048576K
}

Deoptimization events (0 events):
No events

Internal exceptions (10 events):
Event: 52556.897 Thread 0x0000000023647800 Exception <a 'java/lang/ArrayIndexOutOfBoundsException'> (0x000000078779fcb8) thrown at [D:\re\workspace\8-2-build-windows-amd64-cygwin\jdk8u40\2855\hotspot\src\share\vm\runtime\sharedRuntime.cpp, line 605]
Event: 52556.898 Thread 0x0000000023647800 Exception <a 'java/lang/ArrayIndexOutOfBoundsException'> (0x00000007877c9330) thrown at [D:\re\workspace\8-2-build-windows-amd64-cygwin\jdk8u40\2855\hotspot\src\share\vm\runtime\sharedRuntime.cpp, line 605]
Event: 52556.898 Thread 0x0000000023647800 Exception <a 'java/lang/ArrayIndexOutOfBoundsException'> (0x00000007877f3390) thrown at [D:\re\workspace\8-2-build-windows-amd64-cygwin\jdk8u40\2855\hotspot\src\share\vm\runtime\sharedRuntime.cpp, line 605]
Event: 52556.910 Thread 0x0000000023647800 Exception <a 'java/lang/ArrayIndexOutOfBoundsException'> (0x0000000787972dd0) thrown at [D:\re\workspace\8-2-build-windows-amd64-cygwin\jdk8u40\2855\hotspot\src\share\vm\runtime\sharedRuntime.cpp, line 605]
Event: 52556.912 Thread 0x0000000023647800 Exception <a 'java/lang/ArrayIndexOutOfBoundsException'> (0x00000007879c8598) thrown at [D:\re\workspace\8-2-build-windows-amd64-cygwin\jdk8u40\2855\hotspot\src\share\vm\runtime\sharedRuntime.cpp, line 605]
Event: 52556.912 Thread 0x0000000023647800 Exception <a 'java/lang/ArrayIndexOutOfBoundsException'> (0x00000007879d8918) thrown at [D:\re\workspace\8-2-build-windows-amd64-cygwin\jdk8u40\2855\hotspot\src\share\vm\runtime\sharedRuntime.cpp, line 605]
Event: 52556.912 Thread 0x0000000023647800 Exception <a 'java/lang/ArrayIndexOutOfBoundsException'> (0x00000007879e09a8) thrown at [D:\re\workspace\8-2-build-windows-amd64-cygwin\jdk8u40\2855\hotspot\src\share\vm\runtime\sharedRuntime.cpp, line 605]
Event: 52556.912 Thread 0x0000000023647800 Exception <a 'java/lang/ArrayIndexOutOfBoundsException'> (0x00000007879e72a0) thrown at [D:\re\workspace\8-2-build-windows-amd64-cygwin\jdk8u40\2855\hotspot\src\share\vm\runtime\sharedRuntime.cpp, line 605]
Event: 52556.927 Thread 0x0000000023647800 Exception <a 'java/lang/ArrayIndexOutOfBoundsException'> (0x0000000787b62748) thrown at [D:\re\workspace\8-2-build-windows-amd64-cygwin\jdk8u40\2855\hotspot\src\share\vm\runtime\sharedRuntime.cpp, line 605]
Event: 52556.928 Thread 0x0000000023647800 Exception <a 'java/lang/ArrayIndexOutOfBoundsException'> (0x0000000787b83dd8) thrown at [D:\re\workspace\8-2-build-windows-amd64-cygwin\jdk8u40\2855\hotspot\src\share\vm\runtime\sharedRuntime.cpp, line 605]

Events (10 events):
Event: 52556.927 Thread 0x0000000023647800 DEOPT UNPACKING pc=0x000000000379747f sp=0x0000000021e8ab90 mode 1
Event: 52556.928 Thread 0x0000000023647800 DEOPT PACKING pc=0x00000000038910b2 sp=0x0000000021e8ae70
Event: 52556.928 Thread 0x0000000023647800 DEOPT UNPACKING pc=0x000000000379747f sp=0x0000000021e8ab90 mode 1
Event: 52556.931 Thread 0x0000000023647800 DEOPT PACKING pc=0x0000000003b0a3ec sp=0x0000000021e8d7d0
Event: 52556.931 Thread 0x0000000023647800 DEOPT UNPACKING pc=0x000000000379747f sp=0x0000000021e8d570 mode 1
Event: 52556.931 Thread 0x0000000023647800 DEOPT PACKING pc=0x00000000040dd8fc sp=0x0000000021e8d8a0
Event: 52556.931 Thread 0x0000000023647800 DEOPT UNPACKING pc=0x000000000379747f sp=0x0000000021e8d5e0 mode 1
Event: 52556.931 Thread 0x0000000023647800 DEOPT PACKING pc=0x0000000003b0a3ec sp=0x0000000021e8d7b0
Event: 52556.931 Thread 0x0000000023647800 DEOPT UNPACKING pc=0x000000000379747f sp=0x0000000021e8d568 mode 1
Event: 52556.934 Executing VM operation: RedefineClasses


Dynamic libraries:
0x00007ff7572b0000 - 0x00007ff7572e7000 	D:\jdk\java8\bin\java.exe
0x00007ffc7d770000 - 0x00007ffc7d986000 	C:\WINDOWS\SYSTEM32\ntdll.dll
0x00007ffc7bfe0000 - 0x00007ffc7c0a4000 	C:\WINDOWS\System32\KERNEL32.DLL
0x00007ffc7b0f0000 - 0x00007ffc7b497000 	C:\WINDOWS\System32\KERNELBASE.dll
0x00007ffc7ce40000 - 0x00007ffc7cef2000 	C:\WINDOWS\System32\ADVAPI32.dll
0x00007ffc7c240000 - 0x00007ffc7c2e7000 	C:\WINDOWS\System32\msvcrt.dll
0x00007ffc7cd90000 - 0x00007ffc7ce38000 	C:\WINDOWS\System32\sechost.dll
0x00007ffc7aa90000 - 0x00007ffc7aab8000 	C:\WINDOWS\System32\bcrypt.dll
0x00007ffc7c7f0000 - 0x00007ffc7c905000 	C:\WINDOWS\System32\RPCRT4.dll
0x00007ffc7c910000 - 0x00007ffc7cabe000 	C:\WINDOWS\System32\USER32.dll
0x00007ffc7ad50000 - 0x00007ffc7ad76000 	C:\WINDOWS\System32\win32u.dll
0x00007ffc7cd50000 - 0x00007ffc7cd79000 	C:\WINDOWS\System32\GDI32.dll
0x00007ffc7aeb0000 - 0x00007ffc7afc9000 	C:\WINDOWS\System32\gdi32full.dll
0x00007ffc7afd0000 - 0x00007ffc7b06a000 	C:\WINDOWS\System32\msvcp_win.dll
0x00007ffc7aac0000 - 0x00007ffc7abd1000 	C:\WINDOWS\System32\ucrtbase.dll
0x00007ffc6a240000 - 0x00007ffc6a4d3000 	C:\WINDOWS\WinSxS\amd64_microsoft.windows.common-controls_6595b64144ccf1df_6.0.22621.3235_none_270f74e173860f98\COMCTL32.dll
0x00007ffc7d280000 - 0x00007ffc7d2b1000 	C:\WINDOWS\System32\IMM32.DLL
0x0000000061aa0000 - 0x0000000061b72000 	D:\jdk\java8\bin\msvcr100.dll
0x000000005fe50000 - 0x00000000606d3000 	D:\jdk\java8\bin\server\jvm.dll
0x00007ffc7cd80000 - 0x00007ffc7cd88000 	C:\WINDOWS\System32\PSAPI.DLL
0x00007ffc739b0000 - 0x00007ffc739ba000 	C:\WINDOWS\SYSTEM32\VERSION.dll
0x00007ffc635c0000 - 0x00007ffc635c9000 	C:\WINDOWS\SYSTEM32\WSOCK32.dll
0x00007ffc745c0000 - 0x00007ffc745f4000 	C:\WINDOWS\SYSTEM32\WINMM.dll
0x00007ffc7b4b0000 - 0x00007ffc7b521000 	C:\WINDOWS\System32\WS2_32.dll
0x0000000061a90000 - 0x0000000061a9f000 	D:\jdk\java8\bin\verify.dll
0x0000000061a60000 - 0x0000000061a89000 	D:\jdk\java8\bin\java.dll
0x0000000061a20000 - 0x0000000061a55000 	D:\jdk\java8\bin\jdwp.dll
0x0000000061a10000 - 0x0000000061a18000 	D:\jdk\java8\bin\npt.dll
0x00000000619e0000 - 0x0000000061a03000 	D:\jdk\java8\bin\instrument.dll
0x00000000619c0000 - 0x00000000619d6000 	D:\jdk\java8\bin\zip.dll
0x00007ffc7b530000 - 0x00007ffc7bd8c000 	C:\WINDOWS\System32\SHELL32.dll
0x00007ffc789f0000 - 0x00007ffc792e9000 	C:\WINDOWS\SYSTEM32\windows.storage.dll
0x00007ffc7d2c0000 - 0x00007ffc7d648000 	C:\WINDOWS\System32\combase.dll
0x00007ffc788b0000 - 0x00007ffc789ee000 	C:\WINDOWS\SYSTEM32\wintypes.dll
0x00007ffc7c140000 - 0x00007ffc7c233000 	C:\WINDOWS\System32\SHCORE.dll
0x00007ffc7bd90000 - 0x00007ffc7bdee000 	C:\WINDOWS\System32\shlwapi.dll
0x00007ffc7a9c0000 - 0x00007ffc7a9e1000 	C:\WINDOWS\SYSTEM32\profapi.dll
0x00000000619b0000 - 0x00000000619b9000 	D:\jdk\java8\bin\dt_socket.dll
0x00007ffc79f40000 - 0x00007ffc79fa9000 	C:\WINDOWS\system32\mswsock.dll
0x0000000061990000 - 0x00000000619aa000 	D:\jdk\java8\bin\net.dll
0x00007ffc795c0000 - 0x00007ffc796b9000 	C:\WINDOWS\SYSTEM32\DNSAPI.dll
0x00007ffc79590000 - 0x00007ffc795bd000 	C:\WINDOWS\SYSTEM32\IPHLPAPI.DLL
0x00007ffc7be00000 - 0x00007ffc7be09000 	C:\WINDOWS\System32\NSI.dll
0x00007ffc74a30000 - 0x00007ffc74a3a000 	C:\Windows\System32\rasadhlp.dll
0x00007ffc74810000 - 0x00007ffc74893000 	C:\WINDOWS\System32\fwpuclnt.dll
0x0000000061950000 - 0x000000006195d000 	D:\jdk\java8\bin\management.dll
0x0000000061930000 - 0x0000000061941000 	D:\jdk\java8\bin\nio.dll
0x00007ffc7a1a0000 - 0x00007ffc7a1bb000 	C:\WINDOWS\SYSTEM32\CRYPTSP.dll
0x00007ffc79a30000 - 0x00007ffc79a65000 	C:\WINDOWS\system32\rsaenh.dll
0x00007ffc7a040000 - 0x00007ffc7a068000 	C:\WINDOWS\SYSTEM32\USERENV.dll
0x00007ffc7b070000 - 0x00007ffc7b0e9000 	C:\WINDOWS\System32\bcryptprimitives.dll
0x00007ffc7a1c0000 - 0x00007ffc7a1cc000 	C:\WINDOWS\SYSTEM32\CRYPTBASE.dll
0x00007ffc75510000 - 0x00007ffc75529000 	C:\WINDOWS\SYSTEM32\dhcpcsvc6.DLL
0x00007ffc754f0000 - 0x00007ffc7550f000 	C:\WINDOWS\SYSTEM32\dhcpcsvc.DLL
0x00007ffc573e0000 - 0x00007ffc573f7000 	C:\WINDOWS\system32\napinsp.dll
0x00007ffc55b70000 - 0x00007ffc55b8b000 	C:\WINDOWS\system32\pnrpnsp.dll
0x00007ffc55b50000 - 0x00007ffc55b61000 	C:\WINDOWS\System32\winrnr.dll
0x00007ffc55af0000 - 0x00007ffc55b05000 	C:\WINDOWS\system32\wshbth.dll
0x00007ffc55ac0000 - 0x00007ffc55ae1000 	C:\WINDOWS\system32\nlansp_c.dll
0x0000000061900000 - 0x0000000061924000 	D:\jdk\java8\bin\sunec.dll
0x00007ffc78650000 - 0x00007ffc78883000 	C:\WINDOWS\SYSTEM32\dbghelp.dll
0x00007ffc7d650000 - 0x00007ffc7d727000 	C:\WINDOWS\System32\OLEAUT32.dll

VM Arguments:
jvm_args: -agentlib:jdwp=transport=dt_socket,address=127.0.0.1:52648,suspend=y,server=n -XX:TieredStopAtLevel=1 -Xverify:none -Dspring.output.ansi.enabled=always -Dcom.sun.management.jmxremote -Dspring.jmx.enabled=true -Dspring.liveBeansView.mbeanDomain -Dspring.application.admin.enabled=true -Dmanagement.endpoints.jmx.exposure.include=* -javaagent:C:\Users\chenyanglin\AppData\Local\JetBrains\IntelliJIdea2023.3\captureAgent\debugger-agent.jar -Dfile.encoding=UTF-8 
java_command: com.younglin.partnerMatching.UserCenterApplication
java_class_path (initial): D:\jdk\java8\jre\lib\charsets.jar;D:\jdk\java8\jre\lib\deploy.jar;D:\jdk\java8\jre\lib\ext\access-bridge-64.jar;D:\jdk\java8\jre\lib\ext\cldrdata.jar;D:\jdk\java8\jre\lib\ext\dnsns.jar;D:\jdk\java8\jre\lib\ext\jaccess.jar;D:\jdk\java8\jre\lib\ext\jfxrt.jar;D:\jdk\java8\jre\lib\ext\localedata.jar;D:\jdk\java8\jre\lib\ext\nashorn.jar;D:\jdk\java8\jre\lib\ext\sunec.jar;D:\jdk\java8\jre\lib\ext\sunjce_provider.jar;D:\jdk\java8\jre\lib\ext\sunmscapi.jar;D:\jdk\java8\jre\lib\ext\sunpkcs11.jar;D:\jdk\java8\jre\lib\ext\zipfs.jar;D:\jdk\java8\jre\lib\javaws.jar;D:\jdk\java8\jre\lib\jce.jar;D:\jdk\java8\jre\lib\jfr.jar;D:\jdk\java8\jre\lib\jfxswt.jar;D:\jdk\java8\jre\lib\jsse.jar;D:\jdk\java8\jre\lib\management-agent.jar;D:\jdk\java8\jre\lib\plugin.jar;D:\jdk\java8\jre\lib\resources.jar;D:\jdk\java8\jre\lib\rt.jar;D:\code\Y-Partner-Matching\Y-Partner-Matching-backend\target\classes;D:\apache-maven-3.6.1\maven_resp\org\springframework\boot\spring-boot-starter-web\2.6.4\spring-boot-starter-web-2.6.4.jar;D:\apache-maven-3.6.1\maven_resp\org\springframework\boot\spring-boot-starter\2.6.4\spring-boot-starter-2.6.4.jar;D:\apache-maven-3.6.1\maven_resp\org\springframework\boot\spring-boot-starter-logging\2.6.4\spring-boot-starter-logging-2.6.4.jar;D:\apache-maven-3.6.1\maven_resp\ch\qos\logback\logback-classic\1.2.10\logback-classic-1.2.10.jar;D:\apache-maven-3.6.1\maven_resp\ch\qos\logback\logback-core\1.2.10\logback-core-1.2.10.jar;D:\apache-maven-3.6.1\maven_resp\org\apache\logging\log4j\log4j-to-slf4j\2.17.1\log4j-to-slf4j-2.17.1.jar;D:\apache-maven-3.6.1\maven_resp\org\apache\logging\log4j\log4j-api\2.17.1\log4j-api-2.17.1.jar;D:\apache-maven-3.6.1\maven_resp\org\slf4j\jul-to-slf4j\1.7.36\jul-to-slf4j-1.7.36.jar;D:\apache-maven-3.6.1\maven_resp\jakarta\annotation\jakarta.annotation-api\1.3.5\jakarta.annotation-api-1.3.5.jar;D:\apache-maven-3.6.1\maven_resp\org\springframework\boot\spring-boot-starter-json\2.6.4\spring-boot-starter-json-2.6.4.jar;D:\
Launcher Type: SUN_STANDARD

Environment Variables:
PATH=C:\ProgramData\Oracle\Java\javapath;D:\vmwareAll\vmware17\bin\;D:\jdk\java8\bin;C:\Program Files\Common Files\Oracle\Java\javapath;C:\Windows\system32;C:\Windows;C:\Windows\System32\Wbem;C:\Windows\System32\WindowsPowerShell\v1.0\;C:\Windows\System32\OpenSSH\;C:\Program Files (x86)\NVIDIA Corporation\PhysX\Common;D:\mysql-8.0.29-winx64\bin;C:\Program Files\NVIDIA Corporation\NVIDIA NvDLISR;D:\apache-maven-3.6.1\bin;C:\WINDOWS\system32;C:\WINDOWS;C:\WINDOWS\System32\Wbem;C:\WINDOWS\System32\WindowsPowerShell\v1.0\;C:\WINDOWS\System32\OpenSSH\;D:\Git\cmd;D:\Notepad++;D:\newsoftware\wechat_develop\微信web开发者工具\dll;D:\newsoftware\nvm;D:\newsoftware\nodejs;C:\Users\chenyanglin\AppData\Local\Programs\Python\Python312\Scripts\;C:\Users\chenyanglin\AppData\Local\Programs\Python\Python312\;C:\Users\chenyanglin\AppData\Local\Programs\Python\Launcher\;D:\mysql-8.0.29-winx64\bin;D:\Java\bin;C:\Users\chenyanglin\AppData\Local\Microsoft\WindowsApps;C:\Users\chenyanglin\AppData\Local\Programs\Microsoft VS Code\bin;C:\Users\chenyanglin\AppData\Roaming\npm;D:\newsoftware\nvm;D:\newsoftware\nodejs;D:\newsoftware\WebStorm 2023.3.6\bin;;D:\newsoftware\IntelliJ IDEA 2023.3.6\bin;
USERNAME=chenyanglin
OS=Windows_NT
PROCESSOR_IDENTIFIER=AMD64 Family 25 Model 80 Stepping 0, AuthenticAMD



---------------  S Y S T E M  ---------------

OS: Windows 10.0 , 64 bit Build 22621 (10.0.22621.3374)

CPU:total 12 (12 cores per cpu, 1 threads per core) family 25 model 80 stepping 0, cmov, cx8, fxsr, mmx, sse, sse2, sse3, ssse3, sse4.1, sse4.2, popcnt, avx, avx2, aes, clmul, erms, mmxext, 3dnowpref, lzcnt, sse4a, tsc, tscinvbit, tscinv, bmi1

Memory: 4k page, physical 14528572k(1255240k free), swap 42926492k(5662108k free)

vm_info: Java HotSpot(TM) 64-Bit Server VM (25.40-b25) for windows-amd64 JRE (1.8.0_40-b25), built on Feb 10 2015 21:53:57 by "java_re" with MS VC++ 10.0 (VS2010)

time: Sun Apr 21 11:31:02 2024
elapsed time: 52557 seconds (0d 14h 35m 57s)

